ago. 26, 2025 9:19:30 PM liquibase.changelog
INFO: Reading resource: db/changelog/migrations/db.changelog-202508251301.sql
ago. 26, 2025 9:19:31 PM liquibase.changelog
INFO: Reading from board.databasechangelog
ago. 26, 2025 9:19:31 PM liquibase.changelog
INFO: Reading resource: db/changelog/migrations/db.changelog-202508251642.sql
ago. 26, 2025 9:19:31 PM liquibase.changelog
INFO: Reading resource: db/changelog/migrations/db.changelog-202508251644.sql
ago. 26, 2025 9:19:31 PM liquibase.changelog
INFO: Reading resource: db/changelog/migrations/db.changelog-202508251651.sql
Database is up to date, no changesets to execute
ago. 26, 2025 9:19:31 PM liquibase.changelog
INFO: Reading from board.databasechangelog

UPDATE SUMMARY
Run:                          0
Previously run:               4
Filtered out:                 0
-------------------------------
Total change sets:            4

ago. 26, 2025 9:19:31 PM liquibase.util
INFO: UPDATE SUMMARY
ago. 26, 2025 9:19:31 PM liquibase.util
INFO: Run:                          0
ago. 26, 2025 9:19:31 PM liquibase.util
INFO: Previously run:               4
ago. 26, 2025 9:19:31 PM liquibase.util
INFO: Filtered out:                 0
ago. 26, 2025 9:19:31 PM liquibase.util
INFO: -------------------------------
ago. 26, 2025 9:19:31 PM liquibase.util
INFO: Total change sets:            4
ago. 26, 2025 9:19:31 PM liquibase.util
INFO: Update summary generated
ago. 26, 2025 9:19:31 PM liquibase.command
INFO: Command execution complete
